<?xml version="1.0" encoding="UTF-8" ?>
<testsuite errors="0" failures="0" hostname="pikake.getsu.com" name="amortizedcola.AmortizedColaTests" tests="1" time="0.06" timestamp="2012-04-30T04:38:25">
  <properties />
  <testcase classname="amortizedcola.AmortizedColaTests" name="testSomething" time="0.044" />
  <system-out><![CDATA[--Output from testSomething--
]]></system-out>
  <system-err><![CDATA[--Output from testSomething--
]]></system-err>
</testsuite>
